warning: razerlinux@0.1.0: Component is neither used nor exported
warning: razerlinux@0.1.0:   --> /home/amilacic/dev/source/razerlinux/ui/main.slint:47:1
warning: razerlinux@0.1.0:    |
warning: razerlinux@0.1.0: 47 | component TargetButton inherits Button {
warning: razerlinux@0.1.0:    | ^
warning: razerlinux@0.1.0: Component is neither used nor exported
warning: razerlinux@0.1.0:   --> /home/amilacic/dev/source/razerlinux/ui/main.slint:53:1
warning: razerlinux@0.1.0:    |
warning: razerlinux@0.1.0: 53 | component StyledButton inherits Rectangle {
warning: razerlinux@0.1.0:    | ^
   Compiling razerlinux v0.1.0 (/home/amilacic/dev/source/razerlinux)
warning: unused import: `debug`
  --> src/hidpoll.rs:25:27
   |
25 | use tracing::{info, warn, debug};
   |                           ^^^^^
   |
   = note: `#[warn(unused_imports)]` (part of `#[warn(unused)]`) on by default

warning: unused import: `warn`
 --> src/settings.rs:9:21
  |
9 | use tracing::{info, warn};
  |                     ^^^^

warning: fields `vendor_id`, `product_id`, `manufacturer`, and `interface_number` are never read
  --> src/device.rs:23:9
   |
21 | pub struct DeviceInfo {
   |            ---------- fields in this struct
22 |     pub path: String,
23 |     pub vendor_id: u16,
   |         ^^^^^^^^^
24 |     pub product_id: u16,
   |         ^^^^^^^^^^
25 |     pub manufacturer: String,
   |         ^^^^^^^^^^^^
26 |     pub product: String,
27 |     pub interface_number: i32,
   |         ^^^^^^^^^^^^^^^^
   |
   = note: `DeviceInfo` has derived impls for the traits `Clone` and `Debug`, but these are intentionally ignored during dead code analysis
   = note: `#[warn(dead_code)]` (part of `#[warn(unused)]`) on by default

warning: function `list_razer_devices` is never used
  --> src/device.rs:71:8
   |
71 | pub fn list_razer_devices() -> Result<Vec<DeviceInfo>> {
   |        ^^^^^^^^^^^^^^^^^^

warning: methods `get_polling_rate` and `set_polling_rate` are never used
   --> src/device.rs:218:12
    |
 98 | impl RazerDevice {
    | ---------------- methods in this implementation
...
218 |     pub fn get_polling_rate(&mut self) -> Result<u16> {
    |            ^^^^^^^^^^^^^^^^
...
230 |     pub fn set_polling_rate(&mut self, rate: u16) -> Result<()> {
    |            ^^^^^^^^^^^^^^^^

warning: methods `cancel_recording` and `get_all_macros` are never used
   --> src/macro_engine.rs:144:12
    |
 31 | impl MacroManager {
    | ----------------- methods in this implementation
...
144 |     pub fn cancel_recording(&mut self) {
    |            ^^^^^^^^^^^^^^^^
...
156 |     pub fn get_all_macros(&self) -> Vec<&Macro> {
    |            ^^^^^^^^^^^^^^

warning: function `key_name` is never used
   --> src/macro_engine.rs:364:8
    |
364 | pub fn key_name(code: u16) -> String {
    |        ^^^^^^^^

warning: methods `show` and `hide` are never used
  --> src/overlay.rs:58:12
   |
35 | impl AutoscrollOverlay {
   | ---------------------- methods in this implementation
...
58 |     pub fn show(&self) {
   |            ^^^^
...
63 |     pub fn hide(&self) {
   |            ^^^^

warning: associated function `new` is never used
  --> src/profile.rs:85:12
   |
83 | impl Profile {
   | ------------ associated function in this implementation
84 |     /// Create a new profile with the given name
85 |     pub fn new(name: impl Into<String>) -> Self {
   |            ^^^

warning: methods `add_key_press`, `add_key_release`, and `add_delay` are never used
   --> src/profile.rs:229:12
    |
216 | impl Macro {
    | ---------- methods in this implementation
...
229 |     pub fn add_key_press(&mut self, key_code: u16) {
    |            ^^^^^^^^^^^^^
...
238 |     pub fn add_key_release(&mut self, key_code: u16) {
    |            ^^^^^^^^^^^^^^^
...
247 |     pub fn add_delay(&mut self, delay_ms: u32) {
    |            ^^^^^^^^^

warning: methods `list_profiles` and `delete_profile` are never used
   --> src/profile.rs:329:12
    |
280 | impl ProfileManager {
    | ------------------- methods in this implementation
...
329 |     pub fn list_profiles(&self) -> Result<Vec<String>> {
    |            ^^^^^^^^^^^^^
...
348 |     pub fn delete_profile(&self, name: &str) -> Result<()> {
    |            ^^^^^^^^^^^^^^

warning: constant `TRANSACTION_ID_OLD` is never used
  --> src/protocol.rs:24:11
   |
24 | pub const TRANSACTION_ID_OLD: u8 = 0xFF; // Older devices like Naga Trinity
   |           ^^^^^^^^^^^^^^^^^^

warning: constant `TRANSACTION_ID_NEW` is never used
  --> src/protocol.rs:25:11
   |
25 | pub const TRANSACTION_ID_NEW: u8 = 0x3F; // Newer Chroma devices  
   |           ^^^^^^^^^^^^^^^^^^

warning: constant `TRANSACTION_ID_WIRELESS` is never used
  --> src/protocol.rs:26:11
   |
26 | pub const TRANSACTION_ID_WIRELESS: u8 = 0x1F; // Wireless devices (newer)
   |           ^^^^^^^^^^^^^^^^^^^^^^^

warning: enum `CommandClass` is never used
  --> src/protocol.rs:31:10
   |
31 | pub enum CommandClass {
   |          ^^^^^^^^^^^^

warning: variants `GetSerialNumber`, `GetPollingRate`, and `SetPollingRate` are never constructed
  --> src/protocol.rs:42:5
   |
39 | pub enum Command {
   |          ------- variants in this enum
...
42 |     GetSerialNumber,
   |     ^^^^^^^^^^^^^^^
43 |     GetPollingRate,
   |     ^^^^^^^^^^^^^^
44 |     SetPollingRate,
   |     ^^^^^^^^^^^^^^
   |
   = note: `Command` has derived impls for the traits `Clone` and `Debug`, but these are intentionally ignored during dead code analysis

warning: associated function `new_with_transaction_id` is never used
   --> src/protocol.rs:118:12
    |
100 | impl RazerReport {
    | ---------------- associated function in this implementation
...
118 |     pub fn new_with_transaction_id(command: Command, transaction_id: u8) -> Self {
    |            ^^^^^^^^^^^^^^^^^^^^^^^

warning: method `recv_timeout` is never used
   --> src/remap.rs:806:12
    |
706 | impl KeyCaptureListener {
    | ----------------------- method in this implementation
...
806 |     pub fn recv_timeout(&self, timeout: Duration) -> Option<CapturedKey> {
    |            ^^^^^^^^^^^^

warning: function `capture_key_for_macro` is never used
   --> src/remap.rs:824:8
    |
824 | pub fn capture_key_for_macro(timeout: Duration) -> Result<(u16, bool)> {
    |        ^^^^^^^^^^^^^^^^^^^^^

warning: enum `TrayCommand` is never used
  --> src/tray.rs:12:10
   |
12 | pub enum TrayCommand {
   |          ^^^^^^^^^^^

warning: static `TRAY_CHANNEL` is never used
  --> src/tray.rs:18:8
   |
18 | static TRAY_CHANNEL: OnceLock<(Sender<TrayCommand>, std::sync::Mutex<Receiver<TrayCommand>>)> = OnceLock::new();
   |        ^^^^^^^^^^^^

warning: function `get_or_init_channel` is never used
  --> src/tray.rs:20:4
   |
20 | fn get_or_init_channel() -> &'static (Sender<TrayCommand>, std::sync::Mutex<Receiver<TrayCommand>>) {
   |    ^^^^^^^^^^^^^^^^^^^

warning: function `try_recv_command` is never used
  --> src/tray.rs:28:8
   |
28 | pub fn try_recv_command() -> Option<TrayCommand> {
   |        ^^^^^^^^^^^^^^^^

warning: struct `TrayIcon` is never constructed
  --> src/tray.rs:35:12
   |
35 | pub struct TrayIcon {
   |            ^^^^^^^^

warning: struct `LinuxTray` is never constructed
  --> src/tray.rs:40:8
   |
40 | struct LinuxTray {
   |        ^^^^^^^^^

warning: associated function `new` is never used
  --> src/tray.rs:85:12
   |
83 | impl TrayIcon {
   | ------------- associated function in this implementation
84 |     /// Create and show the system tray icon
85 |     pub fn new() -> Result<Self> {
   |            ^^^

warning: method `quit` is never used
   --> src/tray_helper.rs:209:12
    |
179 | impl TrayClient {
    | --------------- method in this implementation
...
209 |     pub fn quit(&mut self) {
    |            ^^^^

warning: `razerlinux` (bin "razerlinux") generated 27 warnings (run `cargo fix --bin "razerlinux" -p razerlinux` to apply 2 suggestions)
    Finished `dev` profile [optimized + debuginfo] target(s) in 2m 42s
    Blocking waiting for file lock on build directory
warning: razerlinux@0.1.0: Component is neither used nor exported
warning: razerlinux@0.1.0:   --> /home/amilacic/dev/source/razerlinux/ui/main.slint:47:1
warning: razerlinux@0.1.0:    |
warning: razerlinux@0.1.0: 47 | component TargetButton inherits Button {
warning: razerlinux@0.1.0:    | ^
warning: razerlinux@0.1.0: Component is neither used nor exported
warning: razerlinux@0.1.0:   --> /home/amilacic/dev/source/razerlinux/ui/main.slint:53:1
warning: razerlinux@0.1.0:    |
warning: razerlinux@0.1.0: 53 | component StyledButton inherits Rectangle {
warning: razerlinux@0.1.0:    | ^
warning: unused import: `debug`
  --> src/hidpoll.rs:25:27
   |
25 | use tracing::{info, warn, debug};
   |                           ^^^^^
   |
   = note: `#[warn(unused_imports)]` (part of `#[warn(unused)]`) on by default

warning: unused import: `warn`
 --> src/settings.rs:9:21
  |
9 | use tracing::{info, warn};
  |                     ^^^^

warning: fields `vendor_id`, `product_id`, `manufacturer`, and `interface_number` are never read
  --> src/device.rs:23:9
   |
21 | pub struct DeviceInfo {
   |            ---------- fields in this struct
22 |     pub path: String,
23 |     pub vendor_id: u16,
   |         ^^^^^^^^^
24 |     pub product_id: u16,
   |         ^^^^^^^^^^
25 |     pub manufacturer: String,
   |         ^^^^^^^^^^^^
26 |     pub product: String,
27 |     pub interface_number: i32,
   |         ^^^^^^^^^^^^^^^^
   |
   = note: `DeviceInfo` has derived impls for the traits `Clone` and `Debug`, but these are intentionally ignored during dead code analysis
   = note: `#[warn(dead_code)]` (part of `#[warn(unused)]`) on by default

warning: function `list_razer_devices` is never used
  --> src/device.rs:71:8
   |
71 | pub fn list_razer_devices() -> Result<Vec<DeviceInfo>> {
   |        ^^^^^^^^^^^^^^^^^^

warning: methods `get_polling_rate` and `set_polling_rate` are never used
   --> src/device.rs:218:12
    |
 98 | impl RazerDevice {
    | ---------------- methods in this implementation
...
218 |     pub fn get_polling_rate(&mut self) -> Result<u16> {
    |            ^^^^^^^^^^^^^^^^
...
230 |     pub fn set_polling_rate(&mut self, rate: u16) -> Result<()> {
    |            ^^^^^^^^^^^^^^^^

warning: methods `cancel_recording` and `get_all_macros` are never used
   --> src/macro_engine.rs:144:12
    |
 31 | impl MacroManager {
    | ----------------- methods in this implementation
...
144 |     pub fn cancel_recording(&mut self) {
    |            ^^^^^^^^^^^^^^^^
...
156 |     pub fn get_all_macros(&self) -> Vec<&Macro> {
    |            ^^^^^^^^^^^^^^

warning: function `key_name` is never used
   --> src/macro_engine.rs:364:8
    |
364 | pub fn key_name(code: u16) -> String {
    |        ^^^^^^^^

warning: methods `show` and `hide` are never used
  --> src/overlay.rs:58:12
   |
35 | impl AutoscrollOverlay {
   | ---------------------- methods in this implementation
...
58 |     pub fn show(&self) {
   |            ^^^^
...
63 |     pub fn hide(&self) {
   |            ^^^^

warning: associated function `new` is never used
  --> src/profile.rs:85:12
   |
83 | impl Profile {
   | ------------ associated function in this implementation
84 |     /// Create a new profile with the given name
85 |     pub fn new(name: impl Into<String>) -> Self {
   |            ^^^

warning: methods `add_key_press`, `add_key_release`, and `add_delay` are never used
   --> src/profile.rs:229:12
    |
216 | impl Macro {
    | ---------- methods in this implementation
...
229 |     pub fn add_key_press(&mut self, key_code: u16) {
    |            ^^^^^^^^^^^^^
...
238 |     pub fn add_key_release(&mut self, key_code: u16) {
    |            ^^^^^^^^^^^^^^^
...
247 |     pub fn add_delay(&mut self, delay_ms: u32) {
    |            ^^^^^^^^^

warning: methods `list_profiles` and `delete_profile` are never used
   --> src/profile.rs:329:12
    |
280 | impl ProfileManager {
    | ------------------- methods in this implementation
...
329 |     pub fn list_profiles(&self) -> Result<Vec<String>> {
    |            ^^^^^^^^^^^^^
...
348 |     pub fn delete_profile(&self, name: &str) -> Result<()> {
    |            ^^^^^^^^^^^^^^

warning: constant `TRANSACTION_ID_OLD` is never used
  --> src/protocol.rs:24:11
   |
24 | pub const TRANSACTION_ID_OLD: u8 = 0xFF; // Older devices like Naga Trinity
   |           ^^^^^^^^^^^^^^^^^^

warning: constant `TRANSACTION_ID_NEW` is never used
  --> src/protocol.rs:25:11
   |
25 | pub const TRANSACTION_ID_NEW: u8 = 0x3F; // Newer Chroma devices  
   |           ^^^^^^^^^^^^^^^^^^

warning: constant `TRANSACTION_ID_WIRELESS` is never used
  --> src/protocol.rs:26:11
   |
26 | pub const TRANSACTION_ID_WIRELESS: u8 = 0x1F; // Wireless devices (newer)
   |           ^^^^^^^^^^^^^^^^^^^^^^^

warning: enum `CommandClass` is never used
  --> src/protocol.rs:31:10
   |
31 | pub enum CommandClass {
   |          ^^^^^^^^^^^^

warning: variants `GetSerialNumber`, `GetPollingRate`, and `SetPollingRate` are never constructed
  --> src/protocol.rs:42:5
   |
39 | pub enum Command {
   |          ------- variants in this enum
...
42 |     GetSerialNumber,
   |     ^^^^^^^^^^^^^^^
43 |     GetPollingRate,
   |     ^^^^^^^^^^^^^^
44 |     SetPollingRate,
   |     ^^^^^^^^^^^^^^
   |
   = note: `Command` has derived impls for the traits `Clone` and `Debug`, but these are intentionally ignored during dead code analysis

warning: associated function `new_with_transaction_id` is never used
   --> src/protocol.rs:118:12
    |
100 | impl RazerReport {
    | ---------------- associated function in this implementation
...
118 |     pub fn new_with_transaction_id(command: Command, transaction_id: u8) -> Self {
    |            ^^^^^^^^^^^^^^^^^^^^^^^

warning: method `recv_timeout` is never used
   --> src/remap.rs:806:12
    |
706 | impl KeyCaptureListener {
    | ----------------------- method in this implementation
...
806 |     pub fn recv_timeout(&self, timeout: Duration) -> Option<CapturedKey> {
    |            ^^^^^^^^^^^^

warning: function `capture_key_for_macro` is never used
   --> src/remap.rs:824:8
    |
824 | pub fn capture_key_for_macro(timeout: Duration) -> Result<(u16, bool)> {
    |        ^^^^^^^^^^^^^^^^^^^^^

warning: enum `TrayCommand` is never used
  --> src/tray.rs:12:10
   |
12 | pub enum TrayCommand {
   |          ^^^^^^^^^^^

warning: static `TRAY_CHANNEL` is never used
  --> src/tray.rs:18:8
   |
18 | static TRAY_CHANNEL: OnceLock<(Sender<TrayCommand>, std::sync::Mutex<Receiver<TrayCommand>>)> = OnceLock::new();
   |        ^^^^^^^^^^^^

warning: function `get_or_init_channel` is never used
  --> src/tray.rs:20:4
   |
20 | fn get_or_init_channel() -> &'static (Sender<TrayCommand>, std::sync::Mutex<Receiver<TrayCommand>>) {
   |    ^^^^^^^^^^^^^^^^^^^

warning: function `try_recv_command` is never used
  --> src/tray.rs:28:8
   |
28 | pub fn try_recv_command() -> Option<TrayCommand> {
   |        ^^^^^^^^^^^^^^^^

warning: struct `TrayIcon` is never constructed
  --> src/tray.rs:35:12
   |
35 | pub struct TrayIcon {
   |            ^^^^^^^^

warning: struct `LinuxTray` is never constructed
  --> src/tray.rs:40:8
   |
40 | struct LinuxTray {
   |        ^^^^^^^^^

warning: associated function `new` is never used
  --> src/tray.rs:85:12
   |
83 | impl TrayIcon {
   | ------------- associated function in this implementation
84 |     /// Create and show the system tray icon
85 |     pub fn new() -> Result<Self> {
   |            ^^^

warning: `razerlinux` (bin "razerlinux") generated 26 warnings (run `cargo fix --bin "razerlinux" -p razerlinux` to apply 2 suggestions)
    Finished `dev` profile [optimized + debuginfo] target(s) in 2m 23s
